2023-11-24 23:40:23   [text/html]
2023-11-24 23:40:23   [12189]
2023-11-24 23:40:23   [myOwnWebServer]
2023-11-24 23:40:23   [Sat, 25 Nov 2023 04:40:23 GMT]
2023-11-24 23:42:42   [text/html]
2023-11-24 23:42:42   [12189]
2023-11-24 23:42:42   [myOwnWebServer]
2023-11-24 23:42:42   [Sat, 25 Nov 2023 04:42:42 GMT]
2023-11-24 23:43:21   [text/html]
2023-11-24 23:43:21   [12189]
2023-11-24 23:43:21   [myOwnWebServer]
2023-11-24 23:43:21   [Sat, 25 Nov 2023 04:43:21 GMT]
2023-11-24 23:43:47   [image/jpeg]
2023-11-24 23:43:47   [205928]
2023-11-24 23:43:47   [myOwnWebServer]
2023-11-24 23:43:47   [Sat, 25 Nov 2023 04:43:47 GMT]
2023-11-24 23:57:40   [image/jpeg]
2023-11-24 23:57:40   [205928]
2023-11-24 23:57:40   [myOwnWebServer]
2023-11-24 23:57:40   [Sat, 25 Nov 2023 04:57:40 GMT]
